<?xml version="1.0" encoding="UTF-8"?>
<!-- Generated by org.testng.reporters.JUnitXMLReporter -->
<testsuite ignored="9" hostname="DESKTOP-GFGE941" failures="0" tests="1" name="Default test" time="38.37" errors="0" timestamp="2023-11-29T14:50:55 JST">
  <testcase classname="testsuite.filterProject" name="filterCompletedProductBySelectBox" time="33.227"/>
  <testcase classname="testsuite.filterProject" name="filterLableHighPriorityProductBySelectBox" time="0.0">
    <ignored/>
  </testcase> <!-- filterLableHighPriorityProductBySelectBox -->
  <testcase classname="testsuite.filterProject" name="filterOpenProductBySelectBox" time="0.0">
    <ignored/>
  </testcase> <!-- filterOpenProductBySelectBox -->
  <testcase classname="testsuite.filterProject" name="clearFilterProductBy" time="0.0">
    <ignored/>
  </testcase> <!-- clearFilterProductBy -->
  <testcase classname="testsuite.filterProject" name="filterHighPriorityProductByButton" time="0.0">
    <ignored/>
  </testcase> <!-- filterHighPriorityProductByButton -->
  <testcase classname="testsuite.filterProject" name="filterOpenProductByButton" time="0.0">
    <ignored/>
  </testcase> <!-- filterOpenProductByButton -->
  <testcase classname="testsuite.filterProject" name="filterManyConditionsProductByFilterForm" time="0.0">
    <ignored/>
  </testcase> <!-- filterManyConditionsProductByFilterForm -->
  <testcase classname="testsuite.filterProject" name="filterUpcomingProductBySelectBox" time="0.0">
    <ignored/>
  </testcase> <!-- filterUpcomingProductBySelectBox -->
  <testcase classname="testsuite.filterProject" name="filterCompletedProductByButton" time="0.0">
    <ignored/>
  </testcase> <!-- filterCompletedProductByButton -->
  <testcase classname="testsuite.filterProject" name="filterUpcomingProductByButton" time="0.0">
    <ignored/>
  </testcase> <!-- filterUpcomingProductByButton -->
</testsuite> <!-- Default test -->
