<?xml version="1.0" encoding="UTF-8"?>
<!-- Generated by org.testng.reporters.JUnitXMLReporter -->
<testsuite ignored="0" hostname="DESKTOP-GFGE941" failures="0" tests="10" name="Default test" time="388.684" errors="0" timestamp="2023-11-29T13:39:14 JST">
  <testcase classname="testsuite.filterProject" name="filterCompletedProductBySelectBox" time="31.046"/>
  <testcase classname="testsuite.filterProject" name="filterLableHighPriorityProductBySelectBox" time="30.775"/>
  <testcase classname="testsuite.filterProject" name="filterOpenProductBySelectBox" time="30.781"/>
  <testcase classname="testsuite.filterProject" name="filterUpcomingProductBySelectBox" time="31.062"/>
  <testcase classname="testsuite.filterProject" name="filterCompletedProductByButton" time="30.921"/>
  <testcase classname="testsuite.filterProject" name="filterHighPriorityProductByButton" time="30.866"/>
  <testcase classname="testsuite.filterProject" name="filterOpenProductByButton" time="31.052"/>
  <testcase classname="testsuite.filterProject" name="filterUpcomingProductByButton" time="30.886"/>
  <testcase classname="testsuite.filterProject" name="filterManyConditionsProductByFilterForm" time="33.683"/>
  <testcase classname="testsuite.filterProject" name="clearFilterProductBy" time="63.58"/>
</testsuite> <!-- Default test -->
