<?xml version="1.0" encoding="UTF-8"?>
<testng-results ignored="0" total="10" passed="10" failed="0" skipped="0">
  <reporter-output>
  </reporter-output>
  <suite started-at="2023-11-29T13:32:45 JST" name="Default suite" finished-at="2023-11-29T13:39:14 JST" duration-ms="388684">
    <groups>
    </groups>
    <test started-at="2023-11-29T13:32:45 JST" name="Default test" finished-at="2023-11-29T13:39:14 JST" duration-ms="388684">
      <class name="testsuite.filterProject">
        <test-method is-config="true" signature="openBrowser(java.lang.String)[pri:0, instance:testsuite.filterProject@2de56eb2]" started-at="2023-11-29T13:32:45 JST" name="openBrowser" finished-at="2023-11-29T13:32:50 JST" duration-ms="5085" status="PASS">
          <params>
            <param index="0">
              <value>
                <![CDATA["browserTest"]]>
              </value>
            </param>
          </params>
          <reporter-output>
          </reporter-output>
        </test-method> <!-- openBrowser -->
        <test-method signature="filterCompletedProductBySelectBox()[pri:1, instance:testsuite.filterProject@2de56eb2]" started-at="2023-11-29T13:32:50 JST" name="filterCompletedProductBySelectBox" finished-at="2023-11-29T13:33:21 JST" duration-ms="31046" status="PASS">
          <reporter-output>
          </reporter-output>
        </test-method> <!-- filterCompletedProductBySelectBox -->
        <test-method is-config="true" signature="closeBrowser()[pri:0, instance:testsuite.filterProject@2de56eb2]" started-at="2023-11-29T13:33:21 JST" name="closeBrowser" finished-at="2023-11-29T13:33:21 JST" duration-ms="248" status="PASS">
          <reporter-output>
          </reporter-output>
        </test-method> <!-- closeBrowser -->
        <test-method is-config="true" signature="openBrowser(java.lang.String)[pri:0, instance:testsuite.filterProject@2de56eb2]" started-at="2023-11-29T13:33:21 JST" name="openBrowser" finished-at="2023-11-29T13:33:25 JST" duration-ms="4084" status="PASS">
          <params>
            <param index="0">
              <value>
                <![CDATA["browserTest"]]>
              </value>
            </param>
          </params>
          <reporter-output>
          </reporter-output>
        </test-method> <!-- openBrowser -->
        <test-method signature="filterLableHighPriorityProductBySelectBox()[pri:2, instance:testsuite.filterProject@2de56eb2]" started-at="2023-11-29T13:33:25 JST" name="filterLableHighPriorityProductBySelectBox" finished-at="2023-11-29T13:33:56 JST" duration-ms="30775" status="PASS">
          <reporter-output>
          </reporter-output>
        </test-method> <!-- filterLableHighPriorityProductBySelectBox -->
        <test-method is-config="true" signature="closeBrowser()[pri:0, instance:testsuite.filterProject@2de56eb2]" started-at="2023-11-29T13:33:56 JST" name="closeBrowser" finished-at="2023-11-29T13:33:56 JST" duration-ms="130" status="PASS">
          <reporter-output>
          </reporter-output>
        </test-method> <!-- closeBrowser -->
        <test-method is-config="true" signature="openBrowser(java.lang.String)[pri:0, instance:testsuite.filterProject@2de56eb2]" started-at="2023-11-29T13:33:56 JST" name="openBrowser" finished-at="2023-11-29T13:34:00 JST" duration-ms="3885" status="PASS">
          <params>
            <param index="0">
              <value>
                <![CDATA["browserTest"]]>
              </value>
            </param>
          </params>
          <reporter-output>
          </reporter-output>
        </test-method> <!-- openBrowser -->
        <test-method signature="filterOpenProductBySelectBox()[pri:3, instance:testsuite.filterProject@2de56eb2]" started-at="2023-11-29T13:34:00 JST" name="filterOpenProductBySelectBox" finished-at="2023-11-29T13:34:31 JST" duration-ms="30781" status="PASS">
          <reporter-output>
          </reporter-output>
        </test-method> <!-- filterOpenProductBySelectBox -->
        <test-method is-config="true" signature="closeBrowser()[pri:0, instance:testsuite.filterProject@2de56eb2]" started-at="2023-11-29T13:34:31 JST" name="closeBrowser" finished-at="2023-11-29T13:34:31 JST" duration-ms="131" status="PASS">
          <reporter-output>
          </reporter-output>
        </test-method> <!-- closeBrowser -->
        <test-method is-config="true" signature="openBrowser(java.lang.String)[pri:0, instance:testsuite.filterProject@2de56eb2]" started-at="2023-11-29T13:34:31 JST" name="openBrowser" finished-at="2023-11-29T13:34:35 JST" duration-ms="4073" status="PASS">
          <params>
            <param index="0">
              <value>
                <![CDATA["browserTest"]]>
              </value>
            </param>
          </params>
          <reporter-output>
          </reporter-output>
        </test-method> <!-- openBrowser -->
        <test-method signature="filterUpcomingProductBySelectBox()[pri:4, instance:testsuite.filterProject@2de56eb2]" started-at="2023-11-29T13:34:35 JST" name="filterUpcomingProductBySelectBox" finished-at="2023-11-29T13:35:06 JST" duration-ms="31062" status="PASS">
          <reporter-output>
          </reporter-output>
        </test-method> <!-- filterUpcomingProductBySelectBox -->
        <test-method is-config="true" signature="closeBrowser()[pri:0, instance:testsuite.filterProject@2de56eb2]" started-at="2023-11-29T13:35:06 JST" name="closeBrowser" finished-at="2023-11-29T13:35:06 JST" duration-ms="114" status="PASS">
          <reporter-output>
          </reporter-output>
        </test-method> <!-- closeBrowser -->
        <test-method is-config="true" signature="openBrowser(java.lang.String)[pri:0, instance:testsuite.filterProject@2de56eb2]" started-at="2023-11-29T13:35:06 JST" name="openBrowser" finished-at="2023-11-29T13:35:11 JST" duration-ms="4498" status="PASS">
          <params>
            <param index="0">
              <value>
                <![CDATA["browserTest"]]>
              </value>
            </param>
          </params>
          <reporter-output>
          </reporter-output>
        </test-method> <!-- openBrowser -->
        <test-method signature="filterCompletedProductByButton()[pri:5, instance:testsuite.filterProject@2de56eb2]" started-at="2023-11-29T13:35:11 JST" name="filterCompletedProductByButton" finished-at="2023-11-29T13:35:42 JST" duration-ms="30921" status="PASS">
          <reporter-output>
          </reporter-output>
        </test-method> <!-- filterCompletedProductByButton -->
        <test-method is-config="true" signature="closeBrowser()[pri:0, instance:testsuite.filterProject@2de56eb2]" started-at="2023-11-29T13:35:42 JST" name="closeBrowser" finished-at="2023-11-29T13:35:42 JST" duration-ms="138" status="PASS">
          <reporter-output>
          </reporter-output>
        </test-method> <!-- closeBrowser -->
        <test-method is-config="true" signature="openBrowser(java.lang.String)[pri:0, instance:testsuite.filterProject@2de56eb2]" started-at="2023-11-29T13:35:42 JST" name="openBrowser" finished-at="2023-11-29T13:35:46 JST" duration-ms="4333" status="PASS">
          <params>
            <param index="0">
              <value>
                <![CDATA["browserTest"]]>
              </value>
            </param>
          </params>
          <reporter-output>
          </reporter-output>
        </test-method> <!-- openBrowser -->
        <test-method signature="filterHighPriorityProductByButton()[pri:6, instance:testsuite.filterProject@2de56eb2]" started-at="2023-11-29T13:35:46 JST" name="filterHighPriorityProductByButton" finished-at="2023-11-29T13:36:17 JST" duration-ms="30866" status="PASS">
          <reporter-output>
          </reporter-output>
        </test-method> <!-- filterHighPriorityProductByButton -->
        <test-method is-config="true" signature="closeBrowser()[pri:0, instance:testsuite.filterProject@2de56eb2]" started-at="2023-11-29T13:36:17 JST" name="closeBrowser" finished-at="2023-11-29T13:36:17 JST" duration-ms="130" status="PASS">
          <reporter-output>
          </reporter-output>
        </test-method> <!-- closeBrowser -->
        <test-method is-config="true" signature="openBrowser(java.lang.String)[pri:0, instance:testsuite.filterProject@2de56eb2]" started-at="2023-11-29T13:36:17 JST" name="openBrowser" finished-at="2023-11-29T13:36:22 JST" duration-ms="4450" status="PASS">
          <params>
            <param index="0">
              <value>
                <![CDATA["browserTest"]]>
              </value>
            </param>
          </params>
          <reporter-output>
          </reporter-output>
        </test-method> <!-- openBrowser -->
        <test-method signature="filterOpenProductByButton()[pri:7, instance:testsuite.filterProject@2de56eb2]" started-at="2023-11-29T13:36:22 JST" name="filterOpenProductByButton" finished-at="2023-11-29T13:36:53 JST" duration-ms="31052" status="PASS">
          <reporter-output>
          </reporter-output>
        </test-method> <!-- filterOpenProductByButton -->
        <test-method is-config="true" signature="closeBrowser()[pri:0, instance:testsuite.filterProject@2de56eb2]" started-at="2023-11-29T13:36:53 JST" name="closeBrowser" finished-at="2023-11-29T13:36:53 JST" duration-ms="118" status="PASS">
          <reporter-output>
          </reporter-output>
        </test-method> <!-- closeBrowser -->
        <test-method is-config="true" signature="openBrowser(java.lang.String)[pri:0, instance:testsuite.filterProject@2de56eb2]" started-at="2023-11-29T13:36:53 JST" name="openBrowser" finished-at="2023-11-29T13:36:57 JST" duration-ms="4195" status="PASS">
          <params>
            <param index="0">
              <value>
                <![CDATA["browserTest"]]>
              </value>
            </param>
          </params>
          <reporter-output>
          </reporter-output>
        </test-method> <!-- openBrowser -->
        <test-method signature="filterUpcomingProductByButton()[pri:8, instance:testsuite.filterProject@2de56eb2]" started-at="2023-11-29T13:36:57 JST" name="filterUpcomingProductByButton" finished-at="2023-11-29T13:37:28 JST" duration-ms="30886" status="PASS">
          <reporter-output>
          </reporter-output>
        </test-method> <!-- filterUpcomingProductByButton -->
        <test-method is-config="true" signature="closeBrowser()[pri:0, instance:testsuite.filterProject@2de56eb2]" started-at="2023-11-29T13:37:28 JST" name="closeBrowser" finished-at="2023-11-29T13:37:28 JST" duration-ms="117" status="PASS">
          <reporter-output>
          </reporter-output>
        </test-method> <!-- closeBrowser -->
        <test-method is-config="true" signature="openBrowser(java.lang.String)[pri:0, instance:testsuite.filterProject@2de56eb2]" started-at="2023-11-29T13:37:28 JST" name="openBrowser" finished-at="2023-11-29T13:37:32 JST" duration-ms="4036" status="PASS">
          <params>
            <param index="0">
              <value>
                <![CDATA["browserTest"]]>
              </value>
            </param>
          </params>
          <reporter-output>
          </reporter-output>
        </test-method> <!-- openBrowser -->
        <test-method signature="filterManyConditionsProductByFilterForm()[pri:9, instance:testsuite.filterProject@2de56eb2]" started-at="2023-11-29T13:37:32 JST" name="filterManyConditionsProductByFilterForm" finished-at="2023-11-29T13:38:06 JST" duration-ms="33683" status="PASS">
          <reporter-output>
          </reporter-output>
        </test-method> <!-- filterManyConditionsProductByFilterForm -->
        <test-method is-config="true" signature="closeBrowser()[pri:0, instance:testsuite.filterProject@2de56eb2]" started-at="2023-11-29T13:38:06 JST" name="closeBrowser" finished-at="2023-11-29T13:38:06 JST" duration-ms="124" status="PASS">
          <reporter-output>
          </reporter-output>
        </test-method> <!-- closeBrowser -->
        <test-method is-config="true" signature="openBrowser(java.lang.String)[pri:0, instance:testsuite.filterProject@2de56eb2]" started-at="2023-11-29T13:38:06 JST" name="openBrowser" finished-at="2023-11-29T13:38:10 JST" duration-ms="3971" status="PASS">
          <params>
            <param index="0">
              <value>
                <![CDATA["browserTest"]]>
              </value>
            </param>
          </params>
          <reporter-output>
          </reporter-output>
        </test-method> <!-- openBrowser -->
        <test-method signature="clearFilterProductBy()[pri:10, instance:testsuite.filterProject@2de56eb2]" started-at="2023-11-29T13:38:10 JST" name="clearFilterProductBy" finished-at="2023-11-29T13:39:13 JST" duration-ms="63580" status="PASS">
          <reporter-output>
          </reporter-output>
        </test-method> <!-- clearFilterProductBy -->
        <test-method is-config="true" signature="closeBrowser()[pri:0, instance:testsuite.filterProject@2de56eb2]" started-at="2023-11-29T13:39:13 JST" name="closeBrowser" finished-at="2023-11-29T13:39:14 JST" duration-ms="120" status="PASS">
          <reporter-output>
          </reporter-output>
        </test-method> <!-- closeBrowser -->
      </class> <!-- testsuite.filterProject -->
    </test> <!-- Default test -->
  </suite> <!-- Default suite -->
</testng-results>
