<?xml version="1.0" encoding="UTF-8"?>
<!-- Generated by org.testng.reporters.JUnitXMLReporter -->
<testsuite ignored="0" hostname="DESKTOP-GFGE941" failures="0" tests="19" name="Regression with firefox" time="172.801" errors="0" timestamp="2023-11-19T19:15:25 JST">
  <testcase classname="testsuite.PoupWindowns_Day17" name="verifyNewTab" time="2.973"/>
  <testcase classname="testsuite.TrizenFlight" name="chooseDateTimeSuccessfully" time="0.195"/>
  <testcase classname="testsuite.TrizenFlight" name="findFlight" time="0.308"/>
  <testcase classname="testsuite.Day12_Checkbox_Radio_Dropdownlist" name="ClickOnCheckBox" time="0.256"/>
  <testcase classname="testsuite.Day12_HW" name="selectDropdown" time="0.341"/>
  <testcase classname="testsuite.Day12_HW" name="selectRadioButton" time="0.27"/>
  <testcase classname="testsuite.Day12_RadioButton" name="radioButton" time="0.266"/>
  <testcase classname="testsuite.Day13_Login" name="logOut" time="6.075"/>
  <testcase classname="testsuite.Day13_Login" name="loginFail_IncorrectPass_IncorrectEmail" time="4.049"/>
  <testcase classname="testsuite.Day13_Login" name="loginFail_IncorrectPass" time="4.084"/>
  <testcase classname="testsuite.Day13_Login" name="loginFail_IncorrectEmail" time="4.123"/>
  <testcase classname="testsuite.Day13_Login" name="loginSuccessfully" time="5.157"/>
  <testcase classname="testsuite.Day16_AlertPractice" name="alertWithOkAndCancel_CancelClick" time="0.509"/>
  <testcase classname="testsuite.Day16_AlertPractice" name="alertWithOkAndCancel_OkClick" time="0.471"/>
  <testcase classname="testsuite.Day16_AlertPractice" name="alertWithTextbox_FillTextAndCancelClick" time="0.462"/>
  <testcase classname="testsuite.Day8_HW1_LocatorElement" name="findLocatorById" time="0.015"/>
  <testcase classname="testsuite.Day8_HW1_LocatorElement" name="findLocatorByName" time="0.021"/>
  <testcase classname="testsuite.Day8_HW2_LocatorElement" name="findLocatorById" time="0.026"/>
  <testcase classname="testsuite.Day8_HW2_LocatorElement" name="findLocatorByName" time="0.022"/>
</testsuite> <!-- Regression with firefox -->
