<?xml version="1.0" encoding="UTF-8"?>
<!-- Generated by org.testng.reporters.JUnitXMLReporter -->
<testsuite ignored="0" hostname="DESKTOP-GFGE941" failures="0" tests="19" name="Regression with chrome" time="109.665" errors="0" timestamp="2023-11-19T19:20:26 JST">
  <testcase classname="testsuite.PoupWindowns_Day17" name="verifyNewTab" time="2.988"/>
  <testcase classname="testsuite.TrizenFlight" name="chooseDateTimeSuccessfully" time="0.173"/>
  <testcase classname="testsuite.TrizenFlight" name="findFlight" time="1.088"/>
  <testcase classname="testsuite.Day12_Checkbox_Radio_Dropdownlist" name="ClickOnCheckBox" time="0.073"/>
  <testcase classname="testsuite.Day12_HW" name="selectDropdown" time="0.101"/>
  <testcase classname="testsuite.Day12_HW" name="selectRadioButton" time="0.06"/>
  <testcase classname="testsuite.Day12_RadioButton" name="radioButton" time="0.062"/>
  <testcase classname="testsuite.Day13_Login" name="logOut" time="5.223"/>
  <testcase classname="testsuite.Day13_Login" name="loginFail_IncorrectPass_IncorrectEmail" time="4.129"/>
  <testcase classname="testsuite.Day13_Login" name="loginFail_IncorrectPass" time="4.154"/>
  <testcase classname="testsuite.Day13_Login" name="loginFail_IncorrectEmail" time="4.151"/>
  <testcase classname="testsuite.Day13_Login" name="loginSuccessfully" time="4.462"/>
  <testcase classname="testsuite.Day16_AlertPractice" name="alertWithOkAndCancel_CancelClick" time="0.223"/>
  <testcase classname="testsuite.Day16_AlertPractice" name="alertWithOkAndCancel_OkClick" time="0.227"/>
  <testcase classname="testsuite.Day16_AlertPractice" name="alertWithTextbox_FillTextAndCancelClick" time="0.219"/>
  <testcase classname="testsuite.Day8_HW1_LocatorElement" name="findLocatorById" time="0.023"/>
  <testcase classname="testsuite.Day8_HW1_LocatorElement" name="findLocatorByName" time="0.039"/>
  <testcase classname="testsuite.Day8_HW2_LocatorElement" name="findLocatorById" time="0.034"/>
  <testcase classname="testsuite.Day8_HW2_LocatorElement" name="findLocatorByName" time="0.035"/>
</testsuite> <!-- Regression with chrome -->
