<?xml version="1.0" encoding="UTF-8"?>
<!-- Generated by org.testng.reporters.JUnitXMLReporter -->
<testsuite ignored="0" hostname="DESKTOP-GFGE941" failures="0" tests="19" name="Regression with edge" time="191.181" errors="0" timestamp="2023-11-19T19:18:36 JST">
  <testcase classname="testsuite.PoupWindowns_Day17" name="verifyNewTab" time="3.052"/>
  <testcase classname="testsuite.TrizenFlight" name="chooseDateTimeSuccessfully" time="0.181"/>
  <testcase classname="testsuite.TrizenFlight" name="findFlight" time="1.024"/>
  <testcase classname="testsuite.Day12_Checkbox_Radio_Dropdownlist" name="ClickOnCheckBox" time="0.087"/>
  <testcase classname="testsuite.Day12_HW" name="selectDropdown" time="0.131"/>
  <testcase classname="testsuite.Day12_HW" name="selectRadioButton" time="0.059"/>
  <testcase classname="testsuite.Day12_RadioButton" name="radioButton" time="0.066"/>
  <testcase classname="testsuite.Day13_Login" name="logOut" time="5.185"/>
  <testcase classname="testsuite.Day13_Login" name="loginFail_IncorrectPass_IncorrectEmail" time="4.043"/>
  <testcase classname="testsuite.Day13_Login" name="loginFail_IncorrectPass" time="4.172"/>
  <testcase classname="testsuite.Day13_Login" name="loginFail_IncorrectEmail" time="4.097"/>
  <testcase classname="testsuite.Day13_Login" name="loginSuccessfully" time="4.832"/>
  <testcase classname="testsuite.Day16_AlertPractice" name="alertWithOkAndCancel_CancelClick" time="0.317"/>
  <testcase classname="testsuite.Day16_AlertPractice" name="alertWithOkAndCancel_OkClick" time="0.364"/>
  <testcase classname="testsuite.Day16_AlertPractice" name="alertWithTextbox_FillTextAndCancelClick" time="0.241"/>
  <testcase classname="testsuite.Day8_HW1_LocatorElement" name="findLocatorById" time="0.023"/>
  <testcase classname="testsuite.Day8_HW1_LocatorElement" name="findLocatorByName" time="0.042"/>
  <testcase classname="testsuite.Day8_HW2_LocatorElement" name="findLocatorById" time="0.032"/>
  <testcase classname="testsuite.Day8_HW2_LocatorElement" name="findLocatorByName" time="0.031"/>
</testsuite> <!-- Regression with edge -->
